<?xml version="1.0" encoding="UTF-8"?>
<testsuite xmlns:xsi="http://www.w3.org/2001/XMLSchema-instance" xsi:noNamespaceSchemaLocation="https://maven.apache.org/surefire/maven-surefire-plugin/xsd/surefire-test-report-3.0.xsd" version="3.0" name="com.stdntedu.baseline.FlywayMigrationIntegrationTest" time="13.179" tests="1" errors="0" skipped="0" failures="0">
  <properties>
[...]
</properties>
  <testcase name="migratesEmptyDatabaseAndValidatesBaseline" classname="com.stdntedu.baseline.FlywayMigrationIntegrationTest" time="2.943">
    <system-out><![CDATA[22:37:32.715 [main] INFO org.testcontainers.images.PullPolicy -- Image pull policy will be performed by: DefaultPullPolicy()
22:37:32.718 [main] INFO org.testcontainers.utility.ImageNameSubstitutor -- Image name substitution will be performed by: DefaultImageNameSubstitutor (composite of 'ConfigurationFileImageNameSubstitutor' and 'PrefixingImageNameSubstitutor')
22:37:32.743 [main] INFO org.testcontainers.DockerClientFactory -- Testcontainers version: 1.21.4
22:37:32.983 [main] INFO org.testcontainers.dockerclient.DockerClientProviderStrategy -- Found Docker environment with Environment variables, system properties and defaults. Resolved dockerHost=npipe:////./pipe/dockerDesktopLinuxEngine
22:37:32.984 [main] INFO org.testcontainers.DockerClientFactory -- Docker host IP address is localhost
22:37:32.996 [main] INFO org.testcontainers.DockerClientFactory -- Connected to docker: 
  Server Version: 29.6.1
  API Version: 1.55
  Operating System: Docker Desktop
  Total Memory: 63971 MB
  Labels: 
    com.docker.desktop.address=npipe://\\.\pipe\docker_cli
22:37:33.078 [main] INFO tc.testcontainers/ryuk:0.12.0 -- Creating container for image: testcontainers/ryuk:0.12.0
22:37:33.252 [main] INFO org.testcontainers.utility.RegistryAuthLocator -- Credential helper/store (docker-credential-desktop) does not have credentials for https://index.docker.io/v1/
22:37:33.329 [main] INFO tc.testcontainers/ryuk:0.12.0 -- Container testcontainers/ryuk:0.12.0 is starting: ecc9bf36374989097293aa8848679891d982616cbb755a396cdeec41181a3893
22:37:33.493 [main] INFO tc.testcontainers/ryuk:0.12.0 -- Container testcontainers/ryuk:0.12.0 started in PT0.414765S
22:37:33.497 [main] INFO org.testcontainers.utility.RyukResourceReaper -- Ryuk started - will monitor and terminate Testcontainers containers on JVM exit
22:37:33.498 [main] INFO org.testcontainers.DockerClientFactory -- Checking the system...
22:37:33.498 [main] INFO org.testcontainers.DockerClientFactory -- ✔︎ Docker server version should be at least 1.6.0
22:37:33.499 [main] INFO tc.fund-analysis-mysql:8.0 -- Creating container for image: fund-analysis-mysql:8.0
22:37:33.560 [main] INFO tc.fund-analysis-mysql:8.0 -- Container fund-analysis-mysql:8.0 is starting: 46083fa163acd60470def3d3fe7a6425ee9c66c9c7862eb6d42934185f9126e9
22:37:33.699 [main] INFO tc.fund-analysis-mysql:8.0 -- Waiting for database connection to become available at jdbc:mysql://localhost:2946/student_growth using query 'SELECT 1'
22:37:42.528 [main] INFO tc.fund-analysis-mysql:8.0 -- Container fund-analysis-mysql:8.0 started in PT9.0284894S
22:37:42.528 [main] INFO tc.fund-analysis-mysql:8.0 -- Container is started (JDBC URL: jdbc:mysql://localhost:2946/student_growth)
22:37:42.794 [main] INFO org.flywaydb.core.FlywayExecutor -- Database: jdbc:mysql://localhost:2946/student_growth (MySQL 8.0)
22:37:42.837 [main] INFO org.flywaydb.core.internal.schemahistory.JdbcTableSchemaHistory -- Schema history table `student_growth`.`flyway_schema_history` does not exist yet
22:37:42.840 [main] INFO org.flywaydb.core.internal.command.DbValidate -- Successfully validated 13 migrations (execution time 00:00.018s)
22:37:42.854 [main] INFO org.flywaydb.core.internal.schemahistory.JdbcTableSchemaHistory -- Creating Schema History table `student_growth`.`flyway_schema_history` ...
22:37:42.922 [main] INFO org.flywaydb.core.internal.command.DbMigrate -- Current version of schema `student_growth`: << Empty Schema >>
22:37:42.932 [main] INFO org.flywaydb.core.internal.command.DbMigrate -- Migrating schema `student_growth` to version "1 - create base tables"
22:37:43.092 [main] INFO org.flywaydb.core.internal.command.DbMigrate -- Migrating schema `student_growth` to version "2 - create dictionary tables"
22:37:43.150 [main] INFO org.flywaydb.core.internal.command.DbMigrate -- Migrating schema `student_growth` to version "3 - create knowledge tables"
22:37:43.298 [main] INFO org.flywaydb.core.internal.command.DbMigrate -- Migrating schema `student_growth` to version "4 - create score tables"
22:37:43.396 [main] INFO org.flywaydb.core.internal.command.DbMigrate -- Migrating schema `student_growth` to version "5 - create wrong question tables"
22:37:43.506 [main] INFO org.flywaydb.core.internal.command.DbMigrate -- Migrating schema `student_growth` to version "6 - create mastery tables"
22:37:43.581 [main] INFO org.flywaydb.core.internal.command.DbMigrate -- Migrating schema `student_growth` to version "7 - create resource growth tables"
22:37:43.731 [main] INFO org.flywaydb.core.internal.command.DbMigrate -- Migrating schema `student_growth` to version "8 - create ai tables"
22:37:44.018 [main] INFO org.flywaydb.core.internal.command.DbMigrate -- Migrating schema `student_growth` to version "9 - create plan report tables"
22:37:44.177 [main] INFO org.flywaydb.core.internal.command.DbMigrate -- Migrating schema `student_growth` to version "10 - create system task tables"
22:37:45.273 [main] INFO org.flywaydb.core.internal.command.DbMigrate -- Migrating schema `student_growth` to version "11 - insert basic data"
22:37:45.316 [main] INFO org.flywaydb.core.internal.command.DbMigrate -- Migrating schema `student_growth` to version "12 - insert dictionary data"
22:37:45.352 [main] INFO org.flywaydb.core.internal.command.DbMigrate -- Migrating schema `student_growth` to version "13 - insert algorithm config"
22:37:45.375 [main] INFO org.flywaydb.core.internal.command.DbMigrate -- Successfully applied 13 migrations to schema `student_growth`, now at version v13 (execution time 00:02.183s)
]]></system-out>
  </testcase>
</testsuite>